<?xml version="1.0" encoding="UTF-8"?>
<testng-results skipped="0" failed="2" ignored="0" total="10" passed="8">
  <reporter-output>
    <line>
      <![CDATA[Pass:Element is displayed]]>
    </line>
    <line>
      <![CDATA[Pass:Element is displayed]]>
    </line>
    <line>
      <![CDATA[Pass:Element is displayed]]>
    </line>
    <line>
      <![CDATA[Pass:Element is displayed]]>
    </line>
    <line>
      <![CDATA[Pass:Element is displayed]]>
    </line>
    <line>
      <![CDATA[Pass:Element is displayed]]>
    </line>
    <line>
      <![CDATA[Pass:Element is displayed]]>
    </line>
  </reporter-output>
  <suite name="Default suite" duration-ms="542302" started-at="2018-06-26T07:51:02Z" finished-at="2018-06-26T08:00:05Z">
    <groups>
    </groups>
    <test name="Default test" duration-ms="542302" started-at="2018-06-26T07:51:02Z" finished-at="2018-06-26T08:00:05Z">
      <class name="Script.adjustmentbutton">
        <test-method status="PASS" signature="before()[pri:0, instance:Script.adjustmentbutton@86be70a]" name="before" is-config="true" duration-ms="29556" started-at="2018-06-26T07:51:03Z" finished-at="2018-06-26T07:51:32Z">
          <reporter-output>
          </reporter-output>
        </test-method> <!-- before -->
        <test-method status="PASS" signature="Test()[pri:0, instance:Script.adjustmentbutton@86be70a]" name="Test" duration-ms="17282" started-at="2018-06-26T07:51:32Z" finished-at="2018-06-26T07:51:49Z">
          <reporter-output>
          </reporter-output>
        </test-method> <!-- Test -->
        <test-method status="PASS" signature="after()[pri:0, instance:Script.adjustmentbutton@86be70a]" name="after" is-config="true" duration-ms="2706" started-at="2018-06-26T07:51:49Z" finished-at="2018-06-26T07:51:52Z">
          <reporter-output>
          </reporter-output>
        </test-method> <!-- after -->
      </class> <!-- Script.adjustmentbutton -->
      <class name="Script.BuyGiftCrd">
        <test-method status="PASS" signature="before()[pri:0, instance:Script.BuyGiftCrd@480bdb19]" name="before" is-config="true" duration-ms="19032" started-at="2018-06-26T07:51:52Z" finished-at="2018-06-26T07:52:11Z">
          <reporter-output>
          </reporter-output>
        </test-method> <!-- before -->
        <test-method status="PASS" signature="test()[pri:0, instance:Script.BuyGiftCrd@480bdb19]" name="test" duration-ms="28930" started-at="2018-06-26T07:52:11Z" finished-at="2018-06-26T07:52:40Z">
          <reporter-output>
          </reporter-output>
        </test-method> <!-- test -->
        <test-method status="PASS" signature="after()[pri:0, instance:Script.BuyGiftCrd@480bdb19]" name="after" is-config="true" duration-ms="2904" started-at="2018-06-26T07:52:40Z" finished-at="2018-06-26T07:52:43Z">
          <reporter-output>
          </reporter-output>
        </test-method> <!-- after -->
      </class> <!-- Script.BuyGiftCrd -->
      <class name="Script.Follow_luxire_Instragram">
        <test-method status="PASS" signature="before()[pri:0, instance:Script.Follow_luxire_Instragram@2a556333]" name="before" is-config="true" duration-ms="23675" started-at="2018-06-26T07:52:43Z" finished-at="2018-06-26T07:53:07Z">
          <reporter-output>
          </reporter-output>
        </test-method> <!-- before -->
        <test-method status="FAIL" signature="Test()[pri:0, instance:Script.Follow_luxire_Instragram@2a556333]" name="Test" duration-ms="42408" started-at="2018-06-26T07:53:07Z" finished-at="2018-06-26T07:53:49Z">
          <exception class="org.openqa.selenium.NoSuchElementException">
            <message>
              <![CDATA[Unable to locate element: (//a[.='Profile'])
For documentation on this error, please visit: http://seleniumhq.org/exceptions/no_such_element.html
Build info: version: '3.12.0', revision: '7c6e0b3', time: '2018-05-08T15:15:08.936Z'
System info: host: 'VIJAY-PC', ip: '192.168.43.227', os.name: 'Windows 7', os.arch: 'amd64', os.version: '6.1', java.version: '1.8.0_171'
Driver info: org.openqa.selenium.firefox.FirefoxDriver
Capabilities {acceptInsecureCerts: true, browserName: firefox, browserVersion: 60.0.2, javascriptEnabled: true, moz:accessibilityChecks: false, moz:headless: false, moz:processID: 6812, moz:profile: C:\Users\Vijay\AppData\Loca..., moz:useNonSpecCompliantPointerOrigin: false, moz:webdriverClick: true, pageLoadStrategy: normal, platform: XP, platformName: XP, platformVersion: 6.1, rotatable: false, timeouts: {implicit: 0, pageLoad: 300000, script: 30000}}
Session ID: e5abe0be-0148-4967-bedc-899c1d11e1b2
*** Element info: {Using=xpath, value=(//a[.='Profile'])}]]>
            </message>
            <full-stacktrace>
              <![CDATA[org.openqa.selenium.NoSuchElementException: Unable to locate element: (//a[.='Profile'])
For documentation on this error, please visit: http://seleniumhq.org/exceptions/no_such_element.html
Build info: version: '3.12.0', revision: '7c6e0b3', time: '2018-05-08T15:15:08.936Z'
System info: host: 'VIJAY-PC', ip: '192.168.43.227', os.name: 'Windows 7', os.arch: 'amd64', os.version: '6.1', java.version: '1.8.0_171'
Driver info: org.openqa.selenium.firefox.FirefoxDriver
Capabilities {acceptInsecureCerts: true, browserName: firefox, browserVersion: 60.0.2, javascriptEnabled: true, moz:accessibilityChecks: false, moz:headless: false, moz:processID: 6812, moz:profile: C:\Users\Vijay\AppData\Loca..., moz:useNonSpecCompliantPointerOrigin: false, moz:webdriverClick: true, pageLoadStrategy: normal, platform: XP, platformName: XP, platformVersion: 6.1, rotatable: false, timeouts: {implicit: 0, pageLoad: 300000, script: 30000}}
Session ID: e5abe0be-0148-4967-bedc-899c1d11e1b2
*** Element info: {Using=xpath, value=(//a[.='Profile'])}
at sun.reflect.NativeConstructorAccessorImpl.newInstance0(Native Method)
at sun.reflect.NativeConstructorAccessorImpl.newInstance(Unknown Source)
at sun.reflect.DelegatingConstructorAccessorImpl.newInstance(Unknown Source)
at java.lang.reflect.Constructor.newInstance(Unknown Source)
at org.openqa.selenium.remote.http.W3CHttpResponseCodec.createException(W3CHttpResponseCodec.java:187)
at org.openqa.selenium.remote.http.W3CHttpResponseCodec.decode(W3CHttpResponseCodec.java:122)
at org.openqa.selenium.remote.http.W3CHttpResponseCodec.decode(W3CHttpResponseCodec.java:49)
at org.openqa.selenium.remote.HttpCommandExecutor.execute(HttpCommandExecutor.java:158)
at org.openqa.selenium.remote.service.DriverCommandExecutor.execute(DriverCommandExecutor.java:83)
at org.openqa.selenium.remote.RemoteWebDriver.execute(RemoteWebDriver.java:543)
at org.openqa.selenium.remote.RemoteWebDriver.findElement(RemoteWebDriver.java:317)
at org.openqa.selenium.remote.RemoteWebDriver.findElementByXPath(RemoteWebDriver.java:419)
at org.openqa.selenium.By$ByXPath.findElement(By.java:353)
at org.openqa.selenium.remote.RemoteWebDriver.findElement(RemoteWebDriver.java:309)
at org.openqa.selenium.support.pagefactory.DefaultElementLocator.findElement(DefaultElementLocator.java:69)
at org.openqa.selenium.support.pagefactory.internal.LocatingElementHandler.invoke(LocatingElementHandler.java:38)
at com.sun.proxy.$Proxy9.click(Unknown Source)
at PAGE.Instragram_Luxire.Profile(Instragram_Luxire.java:50)
at Script.Follow_luxire_Instragram.Test(Follow_luxire_Instragram.java:34)
at sun.reflect.NativeMethodAccessorImpl.invoke0(Native Method)
at sun.reflect.NativeMethodAccessorImpl.invoke(Unknown Source)
at sun.reflect.DelegatingMethodAccessorImpl.invoke(Unknown Source)
at java.lang.reflect.Method.invoke(Unknown Source)
at org.testng.internal.MethodInvocationHelper.invokeMethod(MethodInvocationHelper.java:124)
at org.testng.internal.Invoker.invokeMethod(Invoker.java:580)
at org.testng.internal.Invoker.invokeTestMethod(Invoker.java:716)
at org.testng.internal.Invoker.invokeTestMethods(Invoker.java:988)
at org.testng.internal.TestMethodWorker.invokeTestMethods(TestMethodWorker.java:125)
at org.testng.internal.TestMethodWorker.run(TestMethodWorker.java:109)
at org.testng.TestRunner.privateRun(TestRunner.java:648)
at org.testng.TestRunner.run(TestRunner.java:505)
at org.testng.SuiteRunner.runTest(SuiteRunner.java:455)
at org.testng.SuiteRunner.runSequentially(SuiteRunner.java:450)
at org.testng.SuiteRunner.privateRun(SuiteRunner.java:415)
at org.testng.SuiteRunner.run(SuiteRunner.java:364)
at org.testng.SuiteRunnerWorker.runSuite(SuiteRunnerWorker.java:52)
at org.testng.SuiteRunnerWorker.run(SuiteRunnerWorker.java:84)
at org.testng.TestNG.runSuitesSequentially(TestNG.java:1208)
at org.testng.TestNG.runSuitesLocally(TestNG.java:1137)
at org.testng.TestNG.runSuites(TestNG.java:1049)
at org.testng.TestNG.run(TestNG.java:1017)
at org.testng.remote.AbstractRemoteTestNG.run(AbstractRemoteTestNG.java:114)
at org.testng.remote.RemoteTestNG.initAndRun(RemoteTestNG.java:251)
at org.testng.remote.RemoteTestNG.main(RemoteTestNG.java:77)
]]>
            </full-stacktrace>
          </exception> <!-- org.openqa.selenium.NoSuchElementException -->
          <reporter-output>
          </reporter-output>
        </test-method> <!-- Test -->
        <test-method status="PASS" signature="after()[pri:0, instance:Script.Follow_luxire_Instragram@2a556333]" name="after" is-config="true" duration-ms="2495" started-at="2018-06-26T07:53:49Z" finished-at="2018-06-26T07:53:52Z">
          <reporter-output>
          </reporter-output>
        </test-method> <!-- after -->
      </class> <!-- Script.Follow_luxire_Instragram -->
      <class name="Script.FeedBack_Customer">
        <test-method status="PASS" signature="before()[pri:0, instance:Script.FeedBack_Customer@7d70d1b1]" name="before" is-config="true" duration-ms="22136" started-at="2018-06-26T07:53:52Z" finished-at="2018-06-26T07:54:14Z">
          <reporter-output>
          </reporter-output>
        </test-method> <!-- before -->
        <test-method status="FAIL" signature="test()[pri:0, instance:Script.FeedBack_Customer@7d70d1b1]" name="test" duration-ms="21296" started-at="2018-06-26T07:54:14Z" finished-at="2018-06-26T07:54:35Z">
          <exception class="org.openqa.selenium.ElementClickInterceptedException">
            <message>
              <![CDATA[Element <input class="btn right" type="submit"> is not clickable at point (1172.5832901000977,674.9416656494141) because another element <div class="currentCurrency "> obscures it
Build info: version: '3.12.0', revision: '7c6e0b3', time: '2018-05-08T15:15:08.936Z'
System info: host: 'VIJAY-PC', ip: '192.168.43.227', os.name: 'Windows 7', os.arch: 'amd64', os.version: '6.1', java.version: '1.8.0_171'
Driver info: org.openqa.selenium.firefox.FirefoxDriver
Capabilities {acceptInsecureCerts: true, browserName: firefox, browserVersion: 60.0.2, javascriptEnabled: true, moz:accessibilityChecks: false, moz:headless: false, moz:processID: 10376, moz:profile: C:\Users\Vijay\AppData\Loca..., moz:useNonSpecCompliantPointerOrigin: false, moz:webdriverClick: true, pageLoadStrategy: normal, platform: XP, platformName: XP, platformVersion: 6.1, rotatable: false, timeouts: {implicit: 0, pageLoad: 300000, script: 30000}}
Session ID: e0765102-e4b7-48cb-ac04-39a8f9af1e1b]]>
            </message>
            <full-stacktrace>
              <![CDATA[org.openqa.selenium.ElementClickInterceptedException: Element <input class="btn right" type="submit"> is not clickable at point (1172.5832901000977,674.9416656494141) because another element <div class="currentCurrency "> obscures it
Build info: version: '3.12.0', revision: '7c6e0b3', time: '2018-05-08T15:15:08.936Z'
System info: host: 'VIJAY-PC', ip: '192.168.43.227', os.name: 'Windows 7', os.arch: 'amd64', os.version: '6.1', java.version: '1.8.0_171'
Driver info: org.openqa.selenium.firefox.FirefoxDriver
Capabilities {acceptInsecureCerts: true, browserName: firefox, browserVersion: 60.0.2, javascriptEnabled: true, moz:accessibilityChecks: false, moz:headless: false, moz:processID: 10376, moz:profile: C:\Users\Vijay\AppData\Loca..., moz:useNonSpecCompliantPointerOrigin: false, moz:webdriverClick: true, pageLoadStrategy: normal, platform: XP, platformName: XP, platformVersion: 6.1, rotatable: false, timeouts: {implicit: 0, pageLoad: 300000, script: 30000}}
Session ID: e0765102-e4b7-48cb-ac04-39a8f9af1e1b
at sun.reflect.NativeConstructorAccessorImpl.newInstance0(Native Method)
at sun.reflect.NativeConstructorAccessorImpl.newInstance(Unknown Source)
at sun.reflect.DelegatingConstructorAccessorImpl.newInstance(Unknown Source)
at java.lang.reflect.Constructor.newInstance(Unknown Source)
at org.openqa.selenium.remote.http.W3CHttpResponseCodec.createException(W3CHttpResponseCodec.java:187)
at org.openqa.selenium.remote.http.W3CHttpResponseCodec.decode(W3CHttpResponseCodec.java:122)
at org.openqa.selenium.remote.http.W3CHttpResponseCodec.decode(W3CHttpResponseCodec.java:49)
at org.openqa.selenium.remote.HttpCommandExecutor.execute(HttpCommandExecutor.java:158)
at org.openqa.selenium.remote.service.DriverCommandExecutor.execute(DriverCommandExecutor.java:83)
at org.openqa.selenium.remote.RemoteWebDriver.execute(RemoteWebDriver.java:543)
at org.openqa.selenium.remote.RemoteWebElement.execute(RemoteWebElement.java:276)
at org.openqa.selenium.remote.RemoteWebElement.click(RemoteWebElement.java:83)
at sun.reflect.GeneratedMethodAccessor1.invoke(Unknown Source)
at sun.reflect.DelegatingMethodAccessorImpl.invoke(Unknown Source)
at java.lang.reflect.Method.invoke(Unknown Source)
at org.openqa.selenium.support.pagefactory.internal.LocatingElementHandler.invoke(LocatingElementHandler.java:51)
at com.sun.proxy.$Proxy9.click(Unknown Source)
at PAGE.ContactUS_Luxire.send(ContactUS_Luxire.java:52)
at Script.FeedBack_Customer.test(FeedBack_Customer.java:41)
at sun.reflect.NativeMethodAccessorImpl.invoke0(Native Method)
at sun.reflect.NativeMethodAccessorImpl.invoke(Unknown Source)
at sun.reflect.DelegatingMethodAccessorImpl.invoke(Unknown Source)
at java.lang.reflect.Method.invoke(Unknown Source)
at org.testng.internal.MethodInvocationHelper.invokeMethod(MethodInvocationHelper.java:124)
at org.testng.internal.Invoker.invokeMethod(Invoker.java:580)
at org.testng.internal.Invoker.invokeTestMethod(Invoker.java:716)
at org.testng.internal.Invoker.invokeTestMethods(Invoker.java:988)
at org.testng.internal.TestMethodWorker.invokeTestMethods(TestMethodWorker.java:125)
at org.testng.internal.TestMethodWorker.run(TestMethodWorker.java:109)
at org.testng.TestRunner.privateRun(TestRunner.java:648)
at org.testng.TestRunner.run(TestRunner.java:505)
at org.testng.SuiteRunner.runTest(SuiteRunner.java:455)
at org.testng.SuiteRunner.runSequentially(SuiteRunner.java:450)
at org.testng.SuiteRunner.privateRun(SuiteRunner.java:415)
at org.testng.SuiteRunner.run(SuiteRunner.java:364)
at org.testng.SuiteRunnerWorker.runSuite(SuiteRunnerWorker.java:52)
at org.testng.SuiteRunnerWorker.run(SuiteRunnerWorker.java:84)
at org.testng.TestNG.runSuitesSequentially(TestNG.java:1208)
at org.testng.TestNG.runSuitesLocally(TestNG.java:1137)
at org.testng.TestNG.runSuites(TestNG.java:1049)
at org.testng.TestNG.run(TestNG.java:1017)
at org.testng.remote.AbstractRemoteTestNG.run(AbstractRemoteTestNG.java:114)
at org.testng.remote.RemoteTestNG.initAndRun(RemoteTestNG.java:251)
at org.testng.remote.RemoteTestNG.main(RemoteTestNG.java:77)
]]>
            </full-stacktrace>
          </exception> <!-- org.openqa.selenium.ElementClickInterceptedException -->
          <reporter-output>
          </reporter-output>
        </test-method> <!-- test -->
        <test-method status="PASS" signature="after()[pri:0, instance:Script.FeedBack_Customer@7d70d1b1]" name="after" is-config="true" duration-ms="2613" started-at="2018-06-26T07:54:35Z" finished-at="2018-06-26T07:54:38Z">
          <reporter-output>
          </reporter-output>
        </test-method> <!-- after -->
      </class> <!-- Script.FeedBack_Customer -->
      <class name="Script.SearchforIteam">
        <test-method status="PASS" signature="before()[pri:0, instance:Script.SearchforIteam@2a742aa2]" name="before" is-config="true" duration-ms="21835" started-at="2018-06-26T07:54:38Z" finished-at="2018-06-26T07:54:59Z">
          <reporter-output>
          </reporter-output>
        </test-method> <!-- before -->
        <test-method status="PASS" signature="Test()[pri:0, instance:Script.SearchforIteam@2a742aa2]" name="Test" duration-ms="13028" started-at="2018-06-26T07:54:59Z" finished-at="2018-06-26T07:55:12Z">
          <reporter-output>
          </reporter-output>
        </test-method> <!-- Test -->
        <test-method status="PASS" signature="after()[pri:0, instance:Script.SearchforIteam@2a742aa2]" name="after" is-config="true" duration-ms="2768" started-at="2018-06-26T07:55:12Z" finished-at="2018-06-26T07:55:15Z">
          <reporter-output>
          </reporter-output>
        </test-method> <!-- after -->
      </class> <!-- Script.SearchforIteam -->
      <class name="Script.Product_WishList_Cart">
        <test-method status="PASS" signature="before()[pri:0, instance:Script.Product_WishList_Cart@3cb1ffe6]" name="before" is-config="true" duration-ms="23617" started-at="2018-06-26T07:55:15Z" finished-at="2018-06-26T07:55:39Z">
          <reporter-output>
          </reporter-output>
        </test-method> <!-- before -->
        <test-method status="PASS" signature="test()[pri:0, instance:Script.Product_WishList_Cart@3cb1ffe6]" name="test" duration-ms="31545" started-at="2018-06-26T07:55:39Z" finished-at="2018-06-26T07:56:10Z">
          <reporter-output>
            <line>
              <![CDATA[Pass:Element is displayed]]>
            </line>
            <line>
              <![CDATA[Pass:Element is displayed]]>
            </line>
            <line>
              <![CDATA[Pass:Element is displayed]]>
            </line>
          </reporter-output>
        </test-method> <!-- test -->
        <test-method status="PASS" signature="after()[pri:0, instance:Script.Product_WishList_Cart@3cb1ffe6]" name="after" is-config="true" duration-ms="2907" started-at="2018-06-26T07:56:10Z" finished-at="2018-06-26T07:56:13Z">
          <reporter-output>
          </reporter-output>
        </test-method> <!-- after -->
      </class> <!-- Script.Product_WishList_Cart -->
      <class name="Script.ReviewGiftCart">
        <test-method status="PASS" signature="before()[pri:0, instance:Script.ReviewGiftCart@3dfc5fb8]" name="before" is-config="true" duration-ms="19783" started-at="2018-06-26T07:56:13Z" finished-at="2018-06-26T07:56:33Z">
          <reporter-output>
          </reporter-output>
        </test-method> <!-- before -->
        <test-method status="PASS" signature="Test()[pri:0, instance:Script.ReviewGiftCart@3dfc5fb8]" name="Test" duration-ms="30493" started-at="2018-06-26T07:56:33Z" finished-at="2018-06-26T07:57:04Z">
          <reporter-output>
            <line>
              <![CDATA[Pass:Element is displayed]]>
            </line>
          </reporter-output>
        </test-method> <!-- Test -->
        <test-method status="PASS" signature="after()[pri:0, instance:Script.ReviewGiftCart@3dfc5fb8]" name="after" is-config="true" duration-ms="2736" started-at="2018-06-26T07:57:04Z" finished-at="2018-06-26T07:57:06Z">
          <reporter-output>
          </reporter-output>
        </test-method> <!-- after -->
      </class> <!-- Script.ReviewGiftCart -->
      <class name="Script.ProductTOCart">
        <test-method status="PASS" signature="before()[pri:0, instance:Script.ProductTOCart@467aecef]" name="before" is-config="true" duration-ms="18791" started-at="2018-06-26T07:57:06Z" finished-at="2018-06-26T07:57:25Z">
          <reporter-output>
          </reporter-output>
        </test-method> <!-- before -->
        <test-method status="PASS" signature="test()[pri:0, instance:Script.ProductTOCart@467aecef]" name="test" duration-ms="31521" started-at="2018-06-26T07:57:25Z" finished-at="2018-06-26T07:57:57Z">
          <reporter-output>
          </reporter-output>
        </test-method> <!-- test -->
        <test-method status="PASS" signature="after()[pri:0, instance:Script.ProductTOCart@467aecef]" name="after" is-config="true" duration-ms="2922" started-at="2018-06-26T07:57:57Z" finished-at="2018-06-26T07:58:00Z">
          <reporter-output>
          </reporter-output>
        </test-method> <!-- after -->
      </class> <!-- Script.ProductTOCart -->
      <class name="Script.Customize_Product_Style">
        <test-method status="PASS" signature="before()[pri:0, instance:Script.Customize_Product_Style@4d50efb8]" name="before" is-config="true" duration-ms="18217" started-at="2018-06-26T07:58:00Z" finished-at="2018-06-26T07:58:18Z">
          <reporter-output>
          </reporter-output>
        </test-method> <!-- before -->
        <test-method status="PASS" signature="test()[pri:0, instance:Script.Customize_Product_Style@4d50efb8]" name="test" duration-ms="43746" started-at="2018-06-26T07:58:18Z" finished-at="2018-06-26T07:59:02Z">
          <reporter-output>
            <line>
              <![CDATA[Pass:Element is displayed]]>
            </line>
            <line>
              <![CDATA[Pass:Element is displayed]]>
            </line>
          </reporter-output>
        </test-method> <!-- test -->
        <test-method status="PASS" signature="after()[pri:0, instance:Script.Customize_Product_Style@4d50efb8]" name="after" is-config="true" duration-ms="3209" started-at="2018-06-26T07:59:02Z" finished-at="2018-06-26T07:59:05Z">
          <reporter-output>
          </reporter-output>
        </test-method> <!-- after -->
      </class> <!-- Script.Customize_Product_Style -->
      <class name="Script.Customise_Product_Size">
        <test-method status="PASS" signature="before()[pri:0, instance:Script.Customise_Product_Size@7e2d773b]" name="before" is-config="true" duration-ms="19159" started-at="2018-06-26T07:59:05Z" finished-at="2018-06-26T07:59:24Z">
          <reporter-output>
          </reporter-output>
        </test-method> <!-- before -->
        <test-method status="PASS" signature="test()[pri:0, instance:Script.Customise_Product_Size@7e2d773b]" name="test" duration-ms="37945" started-at="2018-06-26T07:59:24Z" finished-at="2018-06-26T08:00:02Z">
          <reporter-output>
            <line>
              <![CDATA[Pass:Element is displayed]]>
            </line>
          </reporter-output>
        </test-method> <!-- test -->
        <test-method status="PASS" signature="after()[pri:0, instance:Script.Customise_Product_Size@7e2d773b]" name="after" is-config="true" duration-ms="2952" started-at="2018-06-26T08:00:02Z" finished-at="2018-06-26T08:00:05Z">
          <reporter-output>
          </reporter-output>
        </test-method> <!-- after -->
      </class> <!-- Script.Customise_Product_Size -->
    </test> <!-- Default test -->
  </suite> <!-- Default suite -->
</testng-results>
